{
"/Users/collenbyer/code/astronomer/clickstream/analytics.js-integration-netmining/lib/index.js":{"path":"/Users/collenbyer/code/astronomer/clickstream/analytics.js-integration-netmining/lib/index.js","s":{"1":1,"2":1,"3":1,"4":0},"b":{},"f":{"1":0},"fnMap":{"1":{"name":"(anonymous_1)","line":18,"loc":{"start":{"line":18,"column":33},"end":{"line":18,"column":44}}}},"statementMap":{"1":{"start":{"line":3,"column":0},"end":{"line":3,"column":68}},"2":{"start":{"line":9,"column":0},"end":{"line":12,"column":91}},"3":{"start":{"line":18,"column":0},"end":{"line":20,"column":2}},"4":{"start":{"line":19,"column":2},"end":{"line":19,"column":24}}},"branchMap":{},"code":["(function () { 'use strict';","","var integration = require('@astronomerio/analytics.js-integration');","","/*"," *Expose 'Netmining' integration."," */","","var Netmining = module.exports = integration('Netmining')",".option('src', '')",".option('aid', '')",".tag('<script type=\"text/javascript\" async=\"\" src=\"{{ src }}?aid={{ aid }}&siclientid=\">');","","/*","* Initialize Netmining","*/","","Netmining.prototype.initialize = function() {","  this.load(this.ready);","};","","}());"],"l":{"3":1,"9":1,"18":1,"19":0}}}
